Arguments: 
  C:\Program Files\nodejs\node.exe C:\Users\Administrator\AppData\Roaming\npm\node_modules\yarn\bin\yarn.js init

PATH: 
  C:\cmder\bin;C:\cmder\vendor\git-for-windows\cmd;C:\cmder\vendor\conemu-maximus5\ConEmu\Scripts;C:\cmder\vendor\conemu-maximus5;C:\cmder\vendor\conemu-maximus5\ConEmu;C:\Windows\system32;C:\Windows;C:\Windows\System32\Wbem;C:\Windows\System32\WindowsPowerShell\v1.0\;C:\Program Files (x86)\NVIDIA Corporation\PhysX\Common;C:\Program Files (x86)\Common Files\Thunder Network\KanKan\Codecs;C:\WINDOWS\system32;C:\WINDOWS;C:\WINDOWS\System32\Wbem;C:\WINDOWS\System32\WindowsPowerShell\v1.0\;C:\Program Files\nodejs\;C:\Users\Administrator\AppData\Local\atom\bin;C:\Program Files\Microsoft VS Code\bin;C:\Users\Administrator\AppData\Local\Microsoft\WindowsApps;C:\Users\Administrator\AppData\Roaming\npm;C:\Users\Administrator\AppData\Local\Programs\Fiddler;C:\cmder\vendor\git-for-windows\usr\bin;C:\cmder\vendor\git-for-windows\usr\share\vim\vim74;C:\cmder\

Yarn version: 
  1.3.2

Node version: 
  8.8.0

Platform: 
  win32 x64

npm manifest: 
  {
    "name": "bootstrap-material-design",
    "version": "1.0.0",
    "description": "",
    "main": "index.js",
    "author": "",
    "license": "ISC",
    "scripts": {
      "dev": "set NODE_ENV=production && webpack && webpack-dev-server --progress --inline --open",
      "build": "webpack --config webpack.config.js"
    },
    "dependencies": {
      "bootstrap": "^4.1.1",
      "bootstrap-material-design": "^4.1.1",
      "jquery": "^3.2.1",
      "popper.js": "^1.14.3",
    },
    "devDependencies": {
      "babel-core": "^6.26.0",
      "babel-loader": "^7.1.4",
      "babel-preset-env": "^1.6.1",
      "clean-webpack-plugin": "^0.1.18",
      "css-loader": "^0.28.11",
      "extract-loader": "^1.0.2",
      "extract-text-webpack-plugin": "2.1.2",
      "file-loader": "^1.1.9",
      "html-loader": "^0.5.5",
      "html-webpack-plugin": "^2.30.1",
      "node-sass": "^4.8.3",
      "postcss-loader": "^2.1.0",
      "precss": "^3.1.2",
      "sass-loader": "^6.0.6",
      "style-loader": "^0.20.2",
      "uglifyjs-webpack-plugin": "^1.2.5",
      "url-loader": "^0.6.2",
      "webpack": "2.6.0",
      "webpack-dev-server": "^2.11.1",
      "webpack-hot-middleware": "^2.21.0"
    },
    "browserslist": [
      "iOS >= 7",
      "Firefox >= 20",
      "Android >= 4"
    ]
  }

yarn manifest: 
  No manifest

Lockfile: 
  No lockfile

Trace: 
  SyntaxError: E:\fgj\web\bootstrap-material-design\package.json: Unexpected token } in JSON at position 454
      at JSON.parse (<anonymous>)
      at C:\Users\Administrator\AppData\Roaming\npm\node_modules\yarn\lib\cli.js:770:59
      at Generator.next (<anonymous>)
      at step (C:\Users\Administrator\AppData\Roaming\npm\node_modules\yarn\lib\cli.js:92:30)
      at C:\Users\Administrator\AppData\Roaming\npm\node_modules\yarn\lib\cli.js:103:13
      at <anonymous>
